[debug] [2020-11-28T23:32:33.662Z] ----------------------------------------------------------------------
[debug] [2020-11-28T23:32:33.664Z] Command:       /usr/local/bin/node /usr/local/bin/firebase init
[debug] [2020-11-28T23:32:33.664Z] CLI Version:   8.16.2
[debug] [2020-11-28T23:32:33.664Z] Platform:      darwin
[debug] [2020-11-28T23:32:33.664Z] Node Version:  v12.18.1
[debug] [2020-11-28T23:32:33.665Z] Time:          Sat Nov 28 2020 15:32:33 GMT-0800 (Pacific Standard Time)
[debug] [2020-11-28T23:32:33.666Z] ----------------------------------------------------------------------
[debug] [2020-11-28T23:32:33.666Z] 
[debug] [2020-11-28T23:32:33.668Z] >>> [apiv2][query] GET https://firebase-public.firebaseio.com/cli.json [none]
[debug] [2020-11-28T23:32:33.678Z] > command requires scopes: ["email","openid","https://www.googleapis.com/auth/cloudplatformprojects.readonly","https://www.googleapis.com/auth/firebase","https://www.googleapis.com/auth/cloud-platform"]
[debug] [2020-11-28T23:32:33.679Z] > authorizing via signed-in user
[info] 
     ######## #### ########  ######## ########     ###     ######  ########
     ##        ##  ##     ## ##       ##     ##  ##   ##  ##       ##
     ######    ##  ########  ######   ########  #########  ######  ######
     ##        ##  ##    ##  ##       ##     ## ##     ##       ## ##
     ##       #### ##     ## ######## ########  ##     ##  ######  ########

You're about to initialize a Firebase project in this directory:

  /Users/michaelalais/Desktop/projects and work/freelanceWork/amazon-clone

[debug] [2020-11-28T23:32:34.243Z] <<< [apiv2][status] GET https://firebase-public.firebaseio.com/cli.json 200
[debug] [2020-11-28T23:32:34.243Z] <<< [apiv2][body] GET https://firebase-public.firebaseio.com/cli.json {"cloudBuildErrorAfter":1594252800000,"cloudBuildWarnAfter":1590019200000,"defaultNode10After":1594252800000,"minVersion":"3.0.5","node8DeploysDisabledAfter":1613390400000,"node8RuntimeDisabledAfter":1615809600000,"node8WarnAfter":1600128000000}
